<?xml version="1.0" encoding="UTF-8"?>
<testsuite xmlns:xsi="http://www.w3.org/2001/XMLSchema-instance" xsi:noNamespaceSchemaLocation="https://maven.apache.org/surefire/maven-surefire-plugin/xsd/surefire-test-report-3.0.xsd" version="3.0" name="edu.illinois.cs.debugging.SBFLTest" time="1.666" tests="5" errors="0" skipped="0" failures="0">
  <properties>
[...]
</properties>
  <testcase name="test1" classname="edu.illinois.cs.debugging.SBFLTest" time="0.497"/>
  <testcase name="test2" classname="edu.illinois.cs.debugging.SBFLTest" time="0.248"/>
  <testcase name="test3" classname="edu.illinois.cs.debugging.SBFLTest" time="0.366"/>
  <testcase name="test4" classname="edu.illinois.cs.debugging.SBFLTest" time="0.286"/>
  <testcase name="test5" classname="edu.illinois.cs.debugging.SBFLTest" time="0.248"/>
</testsuite>